e:\proyectoparadigmas\proyectoparadigmas\debug\vc120.pdb
e:\proyectoparadigmas\proyectoparadigmas\debug\vc120.idb
e:\proyectoparadigmas\proyectoparadigmas\debug\articulo.obj
e:\proyectoparadigmas\proyectoparadigmas\debug\cliente.obj
e:\proyectoparadigmas\proyectoparadigmas\debug\fecha.obj
e:\proyectoparadigmas\proyectoparadigmas\debug\golpe.obj
e:\proyectoparadigmas\proyectoparadigmas\debug\interfaz.obj
e:\proyectoparadigmas\proyectoparadigmas\debug\lectura.obj
e:\proyectoparadigmas\proyectoparadigmas\debug\lista.obj
e:\proyectoparadigmas\proyectoparadigmas\debug\main.obj
e:\proyectoparadigmas\proyectoparadigmas\debug\boletas.obj
e:\proyectoparadigmas\debug\proyectoparadigmas.ilk
e:\proyectoparadigmas\debug\proyectoparadigmas.exe
e:\proyectoparadigmas\debug\proyectoparadigmas.pdb
e:\proyectoparadigmas\proyectoparadigmas\debug\proyecto.a4d3604d.tlog\cl.command.1.tlog
e:\proyectoparadigmas\proyectoparadigmas\debug\proyecto.a4d3604d.tlog\cl.read.1.tlog
e:\proyectoparadigmas\proyectoparadigmas\debug\proyecto.a4d3604d.tlog\cl.write.1.tlog
e:\proyectoparadigmas\proyectoparadigmas\debug\proyecto.a4d3604d.tlog\link.command.1.tlog
e:\proyectoparadigmas\proyectoparadigmas\debug\proyecto.a4d3604d.tlog\link.read.1.tlog
e:\proyectoparadigmas\proyectoparadigmas\debug\proyecto.a4d3604d.tlog\link.write.1.tlog
